=========================================================================
Log Path: ./log/3.log
Program Path:
S:/Projects/2022/MSTARS/Janine_linearity_project/MSlineaR/R/AssessLinearity.R
Working Directory: S:/Projects/2022/MSTARS/Janine_linearity_project/MSlineaR
User Name: jwiebac
R Version: 4.2.0 (2022-04-22 ucrt)
Machine: KIRWAN01 x86-64
Operating System: Windows 10 x64 build 19044
Base Packages: stats graphics grDevices utils datasets methods base Other
Packages: reporter_1.3.9 libr_1.2.8 fmtr_1.5.9 logr_1.3.3 common_1.0.5
sassy_1.1.0 log4r_0.4.3 MSlineaR_0.0.0.9000 testthat_3.1.6
Log Start Time: 2023-05-05 00:07:57
=========================================================================

NULL

NOTE: Log Print Time:  2023-05-05 00:08:03
NOTE: Elapsed Time: 5.54347205162048 secs

=========================================================================
Log End Time: 2023-05-05 00:08:22
Log Elapsed Time: 0 00:00:25
=========================================================================
